{
  "RSpec": {
    "coverage": {
      "/Users/axelstraube/Documents/work/code-review-portfolio/spec/models/project_spec.rb": [
        1,
        null,
        1,
        2,
        null
      ],
      "/Users/axelstraube/Documents/work/code-review-portfolio/spec/rails_helper.rb": [
        null,
        1,
        1,
        1,
        1,
        null,
        null,
        null,
        null,
        null,
        null,
        null,
        null,
        null,
        null,
        null,
        null,
        null,
        null,
        null,
        null,
        null,
        null,
        null,
        1,
        null,
        1,
        null,
        1,
        null,
        null,
        null,
        null,
        1,
        null,
        null,
        null,
        null,
        null,
        null,
        null,
        null,
        null,
        null,
        null,
        null,
        null,
        null,
        1,
        null
      ],
      "/Users/axelstraube/Documents/work/code-review-portfolio/config/environment.rb": [
        null,
        1,
        null,
        null,
        1
      ],
      "/Users/axelstraube/Documents/work/code-review-portfolio/config/application.rb": [
        1,
        null,
        1,
        null,
        1,
        1,
        1,
        1,
        1,
        1,
        1,
        null,
        null,
        null,
        null,
        1,
        null,
        1,
        1,
        null,
        null,
        null,
        null,
        null,
        null,
        null,
        null,
        null,
        null,
        null,
        null,
        null,
        1,
        null,
        null
      ],
      "/Users/axelstraube/Documents/work/code-review-portfolio/config/boot.rb": [
        1,
        null,
        1
      ],
      "/Users/axelstraube/Documents/work/code-review-portfolio/config/environments/test.rb": [
        1,
        null,
        null,
        null,
        null,
        null,
        null,
        1,
        null,
        null,
        null,
        null,
        1,
        null,
        null,
        1,
        1,
        null,
        null,
        1,
        1,
        null,
        null,
        1,
        null,
        null,
        1,
        null,
        null,
        null,
        null,
        1,
        null,
        null,
        1,
        null,
        null,
        1,
        null,
        null,
        null,
        null
      ],
      "/Users/axelstraube/Documents/work/code-review-portfolio/config/initializers/assets.rb": [
        null,
        null,
        null,
        1,
        null,
        null,
        null,
        null,
        null,
        null,
        null
      ],
      "/Users/axelstraube/Documents/work/code-review-portfolio/config/initializers/backtrace_silencers.rb": [
        null,
        null,
        null,
        null,
        null,
        null,
        null
      ],
      "/Users/axelstraube/Documents/work/code-review-portfolio/config/initializers/cookies_serializer.rb": [
        null,
        null,
        1
      ],
      "/Users/axelstraube/Documents/work/code-review-portfolio/config/initializers/filter_parameter_logging.rb": [
        null,
        null,
        null,
        1
      ],
      "/Users/axelstraube/Documents/work/code-review-portfolio/config/initializers/inflections.rb": [
        null,
        null,
        null,
        null,
        null,
        null,
        null,
        null,
        null,
        null,
        null,
        null,
        null,
        null,
        null,
        null
      ],
      "/Users/axelstraube/Documents/work/code-review-portfolio/config/initializers/mime_types.rb": [
        null,
        null,
        null,
        null
      ],
      "/Users/axelstraube/Documents/work/code-review-portfolio/config/initializers/session_store.rb": [
        null,
        null,
        1
      ],
      "/Users/axelstraube/Documents/work/code-review-portfolio/config/initializers/wrap_parameters.rb": [
        null,
        null,
        null,
        null,
        null,
        null,
        1,
        1,
        null,
        null,
        null,
        null,
        null,
        null
      ],
      "/Users/axelstraube/Documents/work/code-review-portfolio/config/routes.rb": [
        1,
        1,
        null,
        1,
        1,
        null,
        null
      ],
      "/Users/axelstraube/Documents/work/code-review-portfolio/app/helpers/application_helper.rb": [
        1,
        null
      ],
      "/Users/axelstraube/Documents/work/code-review-portfolio/app/models/project.rb": [
        1,
        1,
        null,
        1,
        null
      ],
      "/Users/axelstraube/Documents/work/code-review-portfolio/spec/models/skill_spec.rb": [
        1,
        null,
        1,
        2,
        null
      ],
      "/Users/axelstraube/Documents/work/code-review-portfolio/app/models/skill.rb": [
        1,
        1,
        null,
        1,
        null
      ]
    },
    "timestamp": 1436513406
  }
}
